%%%%%%%%%%%%%%%%%%%%%%%%%%%%%%%%%%%%%%%%%%%%%%%%%%%%%%%%%%%%%%%%%%%%%%%%%%%%%%%%
                          S u m m a r y   R e p o r t
%%%%%%%%%%%%%%%%%%%%%%%%%%%%%%%%%%%%%%%%%%%%%%%%%%%%%%%%%%%%%%%%%%%%%%%%%%%%%%%%

Compilation
-----------
File     : /lustre/tetyda/home/lgorski/okeanos_scripts/randomaccess/hpcc-1.4.3_src_mod_ra/hpl/lib/arch/build/../../../../RandomAccess/utility.c
Compiled : 2016-03-19  13:20:12
Compiler : Version 8.4.5
Ftnlx    : Version 8413 (libcif 84006)
Target   : x86-64
Command  : driver.cc -h cpu=haswell -h static -D __CRAYXC -D __CRAY_HASWELL
           -D __CRAYXT_COMPUTE_LINUX_TARGET -h network=aries
           -o ../../../../RandomAccess/utility.o
           -c ../../../../RandomAccess/utility.c -I ../../../../include
           -I ../../../include -I ../../../include/CrayX1 -D Add_
           -D StringSunStyle -D F77_INTEGER=int -O 2 -h list=m
           -D LONG_IS_64BITS -h restrict=a
           -W l,--rpath=/opt/cray/cce/8.4.5/craylibs/x86-64
           -ibase-compiler /opt/cray/cce/8.4.5/CC/x86-64/compiler_include_base
           -isystem /opt/cray/cce/8.4.5/craylibs/x86-64/include
           -I /opt/gcc/4.8.1/snos/lib/gcc/x86_64-suse-linux/4.8.1/include
           -I /opt/gcc/4.8.1/snos/lib/gcc/x86_64-suse-linux/4.8.1/include-fixed
           -isystem /usr/include
           -I /opt/cray/mpt/7.3.2/gni/mpich-cray/8.3/include
           -I /opt/cray/libsci/16.03.1/CRAY/8.3/x86_64/include
           -I /opt/cray/rca/1.0.0-2.0502.60530.1.62.ari/include
           -I /opt/cray/pmi/5.0.10-1.0000.11050.0.0.ari/include
           -I /opt/cray/xpmem/0.1-2.0502.64982.5.3.ari/include
           -I /opt/cray/dmapp/7.0.1-1.0502.11080.8.76.ari/include
           -I /opt/cray/gni-headers/4.0-1.0502.10859.7.8.ari/include
           -I /opt/cray/ugni/6.0-1.0502.10863.8.29.ari/include
           -I /opt/cray/udreg/2.3.2-1.0502.10518.2.17.ari/include
           -I /opt/cray/cce/8.4.5/craylibs/x86-64/pkgconfig/../include
           -I /opt/cray/cce/8.4.5/craylibs/x86-64/pkgconfig/..//include
           -I /opt/cray/alps/5.2.4-2.0502.9774.31.11.ari/include
           -I /opt/cray/wlm_detect/1.0-1.0502.64649.2.1.ari/include
           -I /opt/cray/alps/5.2.4-2.0502.9774.31.11.ari/include
           -I /opt/cray/krca/1.0.0-2.0502.63139.4.31.ari/include
           -I /opt/cray-hss-devel/7.2.0/include

clx report
------------
Source   : /lustre/tetyda/home/lgorski/okeanos_scripts/randomaccess/hpcc-1.4.3_src_mod_ra/hpl/lib/arch/build/../../../../RandomAccess/utility.c
Date     : 03/19/2016  13:20:12


%%%%%%%%%%%%%%%%%%%%%%%%%%%%%%%%%%%%%%%%%%%%%%%%%%%%%%%%%%%%%%%%%%%%%%%%%%%%%%%%
                          S o u r c e   L i s t i n g
%%%%%%%%%%%%%%%%%%%%%%%%%%%%%%%%%%%%%%%%%%%%%%%%%%%%%%%%%%%%%%%%%%%%%%%%%%%%%%%%


     %%%    L o o p m a r k   L e g e n d    %%%

     Primary Loop Type        Modifiers
     ------- ---- ----        ---------
     A - Pattern matched      a - atomic memory operation
                              b - blocked
     C - Collapsed            c - conditional and/or computed
     D - Deleted               
     E - Cloned                
     F - Flat - No calls      f - fused
     G - Accelerated          g - partitioned
     I - Inlined              i - interchanged
     M - Multithreaded        m - partitioned
                              n - non-blocking remote transfer
                              p - partial
                              r - unrolled
                              s - shortloop
     V - Vectorized           w - unwound

     + - More messages listed at end of listing
     ------------------------------------------


    1.           /* -*- mode: C; tab-width: 2; indent-tabs-mode: nil; -*-
    2.            *
    3.            * This file provides utility functions for the RandomAccess benchmark suite.
    4.            */
    5.           
    6.           #include <hpcc.h>
    7.           #include "RandomAccess.h"
    8.           
    9.           
   10.           /* Utility routine to start random number generator at Nth step */
   11.           u64Int
   12.           HPCC_starts(s64Int n)
   13.           {
   14.             int i, j;
   15.             u64Int m2[64];
   16.             u64Int temp, ran;
   17.           
   18.  + 1---<>   while (n < 0) n += PERIOD;
   19.  + 1---<>   while (n > PERIOD) n -= PERIOD;
   20.             if (n == 0) return 0x1;
   21.           
   22.             temp = 0x1;
   23.  + 1----<   for (i=0; i<64; i++) {
   24.    1          m2[i] = temp;
   25.    1          temp = (temp << 1) ^ ((s64Int) temp < 0 ? POLY : 0);
   26.    1          temp = (temp << 1) ^ ((s64Int) temp < 0 ? POLY : 0);
   27.    1---->   }
   28.           
   29.  + 1----<   for (i=62; i>=0; i--)
   30.    1          if ((n >> i) & 1)
   31.    1---->       break;
   32.           
   33.             ran = 0x2;
   34.  + 1----<   while (i > 0) {
   35.    1          temp = 0;
   36.  + 1 2--<     for (j=0; j<64; j++)
   37.    1 2          if ((ran >> j) & 1)
   38.    1 2-->         temp ^= m2[j];
   39.    1          ran = temp;
   40.    1          i -= 1;
   41.    1          if ((n >> i) & 1)
   42.    1            ran = (ran << 1) ^ ((s64Int) ran < 0 ? POLY : 0);
   43.    1---->   }
   44.           
   45.             return ran;
   46.           }
   47.           
   48.           /* Utility routine to start LCG random number generator at Nth step */
   49.           u64Int
   50.           HPCC_starts_LCG(s64Int n)
   51.           {
   52.             u64Int mul_k, add_k, ran, un;
   53.           
   54.             mul_k = LCG_MUL64;
   55.             add_k = LCG_ADD64;
   56.           
   57.             ran = 1;
   58.  + 1----<   for (un = (u64Int)n; un; un >>= 1) {
   59.    1          if (un & 1)
   60.    1            ran = mul_k * ran + add_k;
   61.    1          add_k *= (mul_k + 1);
   62.    1          mul_k *= mul_k;
   63.    1---->   }
   64.           
   65.             return ran;
   66.           }
   67.           

%%%%%%%%%%%%%%%%%%%%%%%%%%%%%%%%%%%%%%%%%%%%%%%%%%%%%%%%%%%%%%%%%%%%%%%%%%%%%%%%
%%%%%%%%%%%%%%%%%%%%%%%%%%%%%%%%%%%%%%%%%%%%%%%%%%%%%%%%%%%%%%%%%%%%%%%%%%%%%%%%
