%%%%%%%%%%%%%%%%%%%%%%%%%%%%%%%%%%%%%%%%%%%%%%%%%%%%%%%%%%%%%%%%%%%%%%%%%%%%%%%%
                          S u m m a r y   R e p o r t
%%%%%%%%%%%%%%%%%%%%%%%%%%%%%%%%%%%%%%%%%%%%%%%%%%%%%%%%%%%%%%%%%%%%%%%%%%%%%%%%

Compilation
-----------
File     : /lustre/tetyda/home/lgorski/okeanos_scripts/randomaccess/hpcc-1.4.3_src_mod_ra/hpl/lib/arch/build/../../../src/pgesv/HPL_pdupdateNN.c
Compiled : 2016-03-19  13:19:59
Compiler : Version 8.4.5
Ftnlx    : Version 8413 (libcif 84006)
Target   : x86-64
Command  : driver.cc -h cpu=haswell -h static -D __CRAYXC -D __CRAY_HASWELL
           -D __CRAYXT_COMPUTE_LINUX_TARGET -h network=aries
           -o ../../../src/pgesv/HPL_pdupdateNN.o
           -c ../../../src/pgesv/HPL_pdupdateNN.c -I ../../../include
           -I ../../../include/CrayX1 -D Add_ -D StringSunStyle
           -D F77_INTEGER=int -O 2 -h list=m -D LONG_IS_64BITS -h restrict=a
           -W l,--rpath=/opt/cray/cce/8.4.5/craylibs/x86-64
           -ibase-compiler /opt/cray/cce/8.4.5/CC/x86-64/compiler_include_base
           -isystem /opt/cray/cce/8.4.5/craylibs/x86-64/include
           -I /opt/gcc/4.8.1/snos/lib/gcc/x86_64-suse-linux/4.8.1/include
           -I /opt/gcc/4.8.1/snos/lib/gcc/x86_64-suse-linux/4.8.1/include-fixed
           -isystem /usr/include
           -I /opt/cray/mpt/7.3.2/gni/mpich-cray/8.3/include
           -I /opt/cray/libsci/16.03.1/CRAY/8.3/x86_64/include
           -I /opt/cray/rca/1.0.0-2.0502.60530.1.62.ari/include
           -I /opt/cray/pmi/5.0.10-1.0000.11050.0.0.ari/include
           -I /opt/cray/xpmem/0.1-2.0502.64982.5.3.ari/include
           -I /opt/cray/dmapp/7.0.1-1.0502.11080.8.76.ari/include
           -I /opt/cray/gni-headers/4.0-1.0502.10859.7.8.ari/include
           -I /opt/cray/ugni/6.0-1.0502.10863.8.29.ari/include
           -I /opt/cray/udreg/2.3.2-1.0502.10518.2.17.ari/include
           -I /opt/cray/cce/8.4.5/craylibs/x86-64/pkgconfig/../include
           -I /opt/cray/cce/8.4.5/craylibs/x86-64/pkgconfig/..//include
           -I /opt/cray/alps/5.2.4-2.0502.9774.31.11.ari/include
           -I /opt/cray/wlm_detect/1.0-1.0502.64649.2.1.ari/include
           -I /opt/cray/alps/5.2.4-2.0502.9774.31.11.ari/include
           -I /opt/cray/krca/1.0.0-2.0502.63139.4.31.ari/include
           -I /opt/cray-hss-devel/7.2.0/include

clx report
------------
Source   : /lustre/tetyda/home/lgorski/okeanos_scripts/randomaccess/hpcc-1.4.3_src_mod_ra/hpl/lib/arch/build/../../../src/pgesv/HPL_pdupdateNN.c
Date     : 03/19/2016  13:20:00


%%%%%%%%%%%%%%%%%%%%%%%%%%%%%%%%%%%%%%%%%%%%%%%%%%%%%%%%%%%%%%%%%%%%%%%%%%%%%%%%
                          S o u r c e   L i s t i n g
%%%%%%%%%%%%%%%%%%%%%%%%%%%%%%%%%%%%%%%%%%%%%%%%%%%%%%%%%%%%%%%%%%%%%%%%%%%%%%%%


     %%%    L o o p m a r k   L e g e n d    %%%

     Primary Loop Type        Modifiers
     ------- ---- ----        ---------
     A - Pattern matched      a - atomic memory operation
                              b - blocked
     C - Collapsed            c - conditional and/or computed
     D - Deleted               
     E - Cloned                
     F - Flat - No calls      f - fused
     G - Accelerated          g - partitioned
     I - Inlined              i - interchanged
     M - Multithreaded        m - partitioned
                              n - non-blocking remote transfer
                              p - partial
                              r - unrolled
                              s - shortloop
     V - Vectorized           w - unwound

     + - More messages listed at end of listing
     ------------------------------------------


    1.            /* 
    2.             * -- High Performance Computing Linpack Benchmark (HPL)                
    3.             *    HPL - 2.0 - September 10, 2008                          
    4.             *    Antoine P. Petitet                                                
    5.             *    University of Tennessee, Knoxville                                
    6.             *    Innovative Computing Laboratory                                 
    7.             *    (C) Copyright 2000-2008 All Rights Reserved                       
    8.             *                                                                      
    9.             * -- Copyright notice and Licensing terms:                             
   10.             *                                                                      
   11.             * Redistribution  and  use in  source and binary forms, with or without
   12.             * modification, are  permitted provided  that the following  conditions
   13.             * are met:                                                             
   14.             *                                                                      
   15.             * 1. Redistributions  of  source  code  must retain the above copyright
   16.             * notice, this list of conditions and the following disclaimer.        
   17.             *                                                                      
   18.             * 2. Redistributions in binary form must reproduce  the above copyright
   19.             * notice, this list of conditions,  and the following disclaimer in the
   20.             * documentation and/or other materials provided with the distribution. 
   21.             *                                                                      
   22.             * 3. All  advertising  materials  mentioning  features  or  use of this
   23.             * software must display the following acknowledgement:                 
   24.             * This  product  includes  software  developed  at  the  University  of
   25.             * Tennessee, Knoxville, Innovative Computing Laboratory.             
   26.             *                                                                      
   27.             * 4. The name of the  University,  the name of the  Laboratory,  or the
   28.             * names  of  its  contributors  may  not  be used to endorse or promote
   29.             * products  derived   from   this  software  without  specific  written
   30.             * permission.                                                          
   31.             *                                                                      
   32.             * -- Disclaimer:                                                       
   33.             *                                                                      
   34.             * THIS  SOFTWARE  IS PROVIDED BY THE COPYRIGHT HOLDERS AND CONTRIBUTORS
   35.             * ``AS IS'' AND ANY EXPRESS OR IMPLIED WARRANTIES,  INCLUDING,  BUT NOT
   36.             * LIMITED TO, THE IMPLIED WARRANTIES OF MERCHANTABILITY AND FITNESS FOR
   37.             * A PARTICULAR PURPOSE ARE DISCLAIMED. IN NO EVENT SHALL THE UNIVERSITY
   38.             * OR  CONTRIBUTORS  BE  LIABLE FOR ANY  DIRECT,  INDIRECT,  INCIDENTAL,
   39.             * SPECIAL,  EXEMPLARY,  OR  CONSEQUENTIAL DAMAGES  (INCLUDING,  BUT NOT
   40.             * LIMITED TO, PROCUREMENT OF SUBSTITUTE GOODS OR SERVICES; LOSS OF USE,
   41.             * DATA OR PROFITS; OR BUSINESS INTERRUPTION)  HOWEVER CAUSED AND ON ANY
   42.             * THEORY OF LIABILITY, WHETHER IN CONTRACT,  STRICT LIABILITY,  OR TORT
   43.             * (INCLUDING NEGLIGENCE OR OTHERWISE) ARISING IN ANY WAY OUT OF THE USE
   44.             * OF THIS SOFTWARE, EVEN IF ADVISED OF THE POSSIBILITY OF SUCH DAMAGE. 
   45.             * ---------------------------------------------------------------------
   46.             */ 
   47.            /*
   48.             * Include files
   49.             */
   50.            #include "hpl.h"
   51.            
   52.            #ifdef HPL_STDC_HEADERS
   53.            void HPL_pdupdateNN
   54.            (
   55.               HPL_T_panel *                    PBCST,
   56.               int *                            IFLAG,
   57.               HPL_T_panel *                    PANEL,
   58.               const int                        NN
   59.            )
   60.            #else
   61.            void HPL_pdupdateNN
   62.            ( PBCST, IFLAG, PANEL, NN )
   63.               HPL_T_panel *                    PBCST;
   64.               int *                            IFLAG;
   65.               HPL_T_panel *                    PANEL;
   66.               const int                        NN;
   67.            #endif
   68.            {
   69.            /* 
   70.             * Purpose
   71.             * =======
   72.             *
   73.             * HPL_pdupdateNN broadcast - forward the panel PBCST and simultaneously
   74.             * applies the row interchanges and updates part of the trailing  (using
   75.             * the panel PANEL) submatrix.
   76.             *
   77.             * Arguments
   78.             * =========
   79.             *
   80.             * PBCST   (local input/output)          HPL_T_panel *
   81.             *         On entry,  PBCST  points to the data structure containing the
   82.             *         panel (to be broadcast) information.
   83.             *
   84.             * IFLAG   (local output)                int *
   85.             *         On exit,  IFLAG  indicates  whether or not  the broadcast has
   86.             *         been completed when PBCST is not NULL on entry. In that case,
   87.             *         IFLAG is left unchanged.
   88.             *
   89.             * PANEL   (local input/output)          HPL_T_panel *
   90.             *         On entry,  PANEL  points to the data structure containing the
   91.             *         panel (to be updated) information.
   92.             *
   93.             * NN      (local input)                 const int
   94.             *         On entry, NN specifies  the  local  number  of columns of the
   95.             *         trailing  submatrix  to be updated  starting  at the  current
   96.             *         position. NN must be at least zero.
   97.             *
   98.             * ---------------------------------------------------------------------
   99.             */ 
  100.            /*
  101.             * .. Local Variables ..
  102.             */
  103.               double                    * Aptr, * L1ptr, * L2ptr, * Uptr, * dpiv;
  104.               int                       * ipiv;
  105.            #ifdef HPL_CALL_VSIPL
  106.               vsip_mview_d              * Av0, * Av1, * Lv0, * Lv1, * Uv0, * Uv1;
  107.            #endif
  108.               int                       curr, i, iroff, jb, lda, ldl2, mp, n, nb,
  109.                                         nq0, nn, test;
  110.               static int                tswap = 0;
  111.               static HPL_T_SWAP         fswap = HPL_NO_SWP;
  112.            #define LDU                  jb
  113.            /* ..
  114.             * .. Executable Statements ..
  115.             */
  116.            #ifdef HPL_DETAILED_TIMING
  117.               HPL_ptimer( HPL_TIMING_UPDATE );
  118.            #endif
  119.               nb = PANEL->nb; jb = PANEL->jb; n = PANEL->nq; lda = PANEL->lda;
  120.               if( NN >= 0 ) n = Mmin( NN, n );
  121.            /*
  122.             * There is nothing to update, enforce the panel broadcast.
  123.             */
  124.               if( ( n <= 0 ) || ( jb <= 0 ) )
  125.               {
  126.                  if( PBCST != NULL )
  127.                  {
  128.  + 1-----<          do { (void) HPL_bcast( PBCST, IFLAG ); }
  129.    1----->          while( *IFLAG != HPL_SUCCESS );
  130.                  }
  131.            #ifdef HPL_DETAILED_TIMING
  132.                  HPL_ptimer( HPL_TIMING_UPDATE );
  133.            #endif
  134.                  return;
  135.               }
  136.            /*
  137.             * Enable/disable the column panel probing mechanism
  138.             */
  139.  +            (void) HPL_bcast( PBCST, &test );
  140.            /*
  141.             * 1 x Q case
  142.             */
  143.               if( PANEL->grid->nprow == 1 )
  144.               {
  145.                  Aptr = PANEL->A;       L2ptr = PANEL->L2;   L1ptr = PANEL->L1;
  146.                  ldl2 = PANEL->ldl2;    dpiv  = PANEL->DPIV; ipiv  = PANEL->IWORK;
  147.                  mp   = PANEL->mp - jb; iroff = PANEL->ii;   nq0   = 0; 
  148.            #ifdef HPL_CALL_VSIPL
  149.            /*
  150.             * Admit the blocks
  151.             */
  152.                  (void) vsip_blockadmit_d( PANEL->Ablock,  VSIP_TRUE );
  153.                  (void) vsip_blockadmit_d( PANEL->L2block, VSIP_TRUE );
  154.            /*
  155.             * Create the matrix views
  156.             */
  157.                  Av0 = vsip_mbind_d( PANEL->Ablock,  0, 1, lda,  lda,  PANEL->pmat->nq );
  158.                  Lv0 = vsip_mbind_d( PANEL->L2block, 0, 1, ldl2, ldl2,              jb );
  159.            /*
  160.             * Create the matrix subviews
  161.             */
  162.                  Lv1 = vsip_msubview_d( Lv0, 0, 0, mp, jb );
  163.            #endif
  164.    Vr4--<>       for( i = 0; i < jb; i++ ) { ipiv[i] = (int)(dpiv[i]) - iroff; }
  165.            /*
  166.             * So far we have not updated anything -  test availability of the panel
  167.             * to be forwarded - If detected forward it and finish the update in one
  168.             * step.
  169.             */
  170.  + 1-----<       while ( test == HPL_KEEP_TESTING )
  171.    1             {
  172.    1                nn = n - nq0; nn = Mmin( nb, nn );
  173.    1       /*
  174.    1        * Update nb columns at a time
  175.    1        */
  176.    1       #ifdef HPL_DETAILED_TIMING
  177.    1                HPL_ptimer( HPL_TIMING_LASWP );
  178.    1                HPL_dlaswp00N( jb, nn, Aptr, lda, ipiv );
  179.    1                HPL_ptimer( HPL_TIMING_LASWP );
  180.    1       #else
  181.  + 1                HPL_dlaswp00N( jb, nn, Aptr, lda, ipiv );
  182.    1       #endif
  183.  + 1                HPL_dtrsm( HplColumnMajor, HplLeft, HplLower, HplNoTrans,
  184.    1                           HplUnit, jb, nn, HPL_rone, L1ptr, jb, Aptr, lda );
  185.    1       #ifdef HPL_CALL_VSIPL
  186.    1       /*
  187.    1        * Create the matrix subviews
  188.    1        */
  189.    1                Uv1 = vsip_msubview_d( Av0, PANEL->ii,    PANEL->jj+nq0, jb, nn );
  190.    1                Av1 = vsip_msubview_d( Av0, PANEL->ii+jb, PANEL->jj+nq0, mp, nn );
  191.    1       
  192.    1                vsip_gemp_d( -HPL_rone, Lv1, VSIP_MAT_NTRANS, Uv1, VSIP_MAT_NTRANS,
  193.    1                             HPL_rone, Av1 );
  194.    1       /*
  195.    1        * Destroy the matrix subviews
  196.    1        */
  197.    1                (void) vsip_mdestroy_d( Av1 );
  198.    1                (void) vsip_mdestroy_d( Uv1 );
  199.    1       #else
  200.  + 1                HPL_dgemm( HplColumnMajor, HplNoTrans, HplNoTrans, mp, nn,
  201.    1                           jb, -HPL_rone, L2ptr, ldl2, Aptr, lda, HPL_rone,
  202.    1                           Mptr( Aptr, jb, 0, lda ), lda );
  203.    1       #endif
  204.    1                Aptr = Mptr( Aptr, 0, nn, lda ); nq0 += nn; 
  205.    1       
  206.  + 1                (void) HPL_bcast( PBCST, &test ); 
  207.    1----->       }
  208.            /*
  209.             * The panel has been forwarded at that point, finish the update
  210.             */
  211.                  if( ( nn = n - nq0 ) > 0 )
  212.                  {
  213.            #ifdef HPL_DETAILED_TIMING
  214.                     HPL_ptimer( HPL_TIMING_LASWP );
  215.                     HPL_dlaswp00N( jb, nn, Aptr, lda, ipiv );
  216.                     HPL_ptimer( HPL_TIMING_LASWP );
  217.            #else
  218.  +                  HPL_dlaswp00N( jb, nn, Aptr, lda, ipiv );
  219.            #endif
  220.  +                  HPL_dtrsm( HplColumnMajor, HplLeft, HplLower, HplNoTrans,
  221.                                HplUnit, jb, nn, HPL_rone, L1ptr, jb, Aptr, lda );
  222.            #ifdef HPL_CALL_VSIPL
  223.            /*
  224.             * Create the matrix subviews
  225.             */
  226.                     Uv1 = vsip_msubview_d( Av0, PANEL->ii,    PANEL->jj+nq0, jb, nn );
  227.                     Av1 = vsip_msubview_d( Av0, PANEL->ii+jb, PANEL->jj+nq0, mp, nn );
  228.            
  229.                     vsip_gemp_d( -HPL_rone, Lv1, VSIP_MAT_NTRANS, Uv1, VSIP_MAT_NTRANS,
  230.                                  HPL_rone, Av1 );
  231.            /*
  232.             * Destroy the matrix subviews
  233.             */
  234.                     (void) vsip_mdestroy_d( Av1 );
  235.                     (void) vsip_mdestroy_d( Uv1 );
  236.            #else
  237.  +                  HPL_dgemm( HplColumnMajor, HplNoTrans, HplNoTrans, mp, nn,
  238.                                jb, -HPL_rone, L2ptr, ldl2, Aptr, lda, HPL_rone,
  239.                                Mptr( Aptr, jb, 0, lda ), lda );
  240.            #endif
  241.                  }
  242.            #ifdef HPL_CALL_VSIPL
  243.            /*
  244.             * Destroy the matrix subviews
  245.             */
  246.                  (void) vsip_mdestroy_d( Lv1 );
  247.            /*
  248.             * Release the blocks
  249.             */
  250.                  (void) vsip_blockrelease_d( vsip_mgetblock_d( Lv0 ), VSIP_TRUE );
  251.                  (void) vsip_blockrelease_d( vsip_mgetblock_d( Av0 ), VSIP_TRUE );
  252.            /*
  253.             * Destroy the matrix views
  254.             */
  255.                  (void) vsip_mdestroy_d( Lv0 );
  256.                  (void) vsip_mdestroy_d( Av0 );
  257.            #endif
  258.               }
  259.               else                        /* nprow > 1 ... */
  260.               {
  261.            /*
  262.             * Selection of the swapping algorithm - swap:broadcast U.
  263.             */
  264.                  if( fswap == HPL_NO_SWP )
  265.                  { fswap = PANEL->algo->fswap; tswap = PANEL->algo->fsthr; }
  266.            
  267.                  if( (   fswap == HPL_SWAP01 ) ||
  268.                      ( ( fswap == HPL_SW_MIX ) && ( n > tswap ) ) )
  269.  +               { HPL_pdlaswp01N( PBCST, &test, PANEL, n ); }
  270.                  else
  271.  +               { HPL_pdlaswp00N( PBCST, &test, PANEL, n ); }
  272.            /*
  273.             * Compute redundantly row block of U and update trailing submatrix
  274.             */
  275.                  nq0 = 0; curr = ( PANEL->grid->myrow == PANEL->prow ? 1 : 0 );
  276.                  Aptr = PANEL->A; L2ptr = PANEL->L2;  L1ptr = PANEL->L1;
  277.                  Uptr = PANEL->U; ldl2 = PANEL->ldl2;
  278.                  mp   = PANEL->mp - ( curr != 0 ? jb : 0 );
  279.            #ifdef HPL_CALL_VSIPL
  280.            /*
  281.             * Admit the blocks
  282.             */
  283.                  (void) vsip_blockadmit_d( PANEL->Ablock,  VSIP_TRUE );
  284.                  (void) vsip_blockadmit_d( PANEL->L2block, VSIP_TRUE );
  285.                  (void) vsip_blockadmit_d( PANEL->Ublock,  VSIP_TRUE );
  286.            /*
  287.             * Create the matrix views
  288.             */
  289.                  Av0 = vsip_mbind_d( PANEL->Ablock,  0, 1, lda,  lda,  PANEL->pmat->nq );
  290.                  Lv0 = vsip_mbind_d( PANEL->L2block, 0, 1, ldl2, ldl2,              jb );
  291.                  Uv0 = vsip_mbind_d( PANEL->Ublock,  0, 1, LDU,  LDU,                n );
  292.            /*
  293.             * Create the matrix subviews
  294.             */
  295.                  Lv1 = vsip_msubview_d( Lv0, 0, 0, mp, jb );
  296.            #endif
  297.            /*
  298.             * Broadcast has not occured yet, spliting the computational part
  299.             */
  300.  + 1-----<       while ( test == HPL_KEEP_TESTING )
  301.    1             {
  302.    1                nn = n - nq0; nn = Mmin( nb, nn );
  303.    1       
  304.  + 1                HPL_dtrsm( HplColumnMajor, HplLeft,  HplLower, HplNoTrans,
  305.    1                           HplUnit, jb, nn, HPL_rone, L1ptr, jb, Uptr, LDU );
  306.    1                if( curr != 0 )
  307.    1                {
  308.    1       #ifdef HPL_CALL_VSIPL
  309.    1       /*
  310.    1        * Create the matrix subviews
  311.    1        */
  312.    1                   Uv1 = vsip_msubview_d( Uv0, 0,            nq0,           jb, nn );
  313.    1                   Av1 = vsip_msubview_d( Av0, PANEL->ii+jb, PANEL->jj+nq0, mp, nn );
  314.    1       
  315.    1                   vsip_gemp_d( -HPL_rone, Lv1, VSIP_MAT_NTRANS, Uv1, VSIP_MAT_NTRANS,
  316.    1                                HPL_rone, Av1 );
  317.    1       /*
  318.    1        * Destroy the matrix subviews
  319.    1        */
  320.    1                   (void) vsip_mdestroy_d( Av1 );
  321.    1                   (void) vsip_mdestroy_d( Uv1 );
  322.    1       #else
  323.  + 1                   HPL_dgemm( HplColumnMajor, HplNoTrans, HplNoTrans, mp, nn,
  324.    1                              jb, -HPL_rone, L2ptr, ldl2, Uptr, LDU, HPL_rone,
  325.    1                              Mptr( Aptr, jb, 0, lda ), lda );
  326.    1       #endif
  327.  + 1                   HPL_dlacpy( jb, nn, Uptr, LDU, Aptr, lda );
  328.    1                }
  329.    1                else
  330.    1                {
  331.    1       #ifdef HPL_CALL_VSIPL
  332.    1       /*
  333.    1        * Create the matrix subviews
  334.    1        */
  335.    1                   Uv1 = vsip_msubview_d( Uv0, 0,            nq0,           jb, nn );
  336.    1                   Av1 = vsip_msubview_d( Av0, PANEL->ii,    PANEL->jj+nq0, mp, nn );
  337.    1       
  338.    1                   vsip_gemp_d( -HPL_rone, Lv1, VSIP_MAT_NTRANS, Uv1, VSIP_MAT_NTRANS,
  339.    1                                HPL_rone, Av1 );
  340.    1       /*
  341.    1        * Destroy the matrix subviews
  342.    1        */
  343.    1                   (void) vsip_mdestroy_d( Av1 );
  344.    1                   (void) vsip_mdestroy_d( Uv1 );
  345.    1       #else
  346.  + 1                   HPL_dgemm( HplColumnMajor, HplNoTrans, HplNoTrans, mp, nn,
  347.    1                              jb, -HPL_rone, L2ptr, ldl2, Uptr, LDU, HPL_rone,
  348.    1                              Aptr, lda );
  349.    1       #endif
  350.    1                }
  351.    1                Uptr = Mptr( Uptr, 0, nn, LDU );
  352.    1                Aptr = Mptr( Aptr, 0, nn, lda ); nq0 += nn;
  353.    1       
  354.  + 1                (void) HPL_bcast( PBCST, &test ); 
  355.    1----->       }
  356.            /*
  357.             * The panel has been forwarded at that point, finish the update
  358.             */
  359.                  if( ( nn = n - nq0 ) > 0 )
  360.                  {
  361.  +                  HPL_dtrsm( HplColumnMajor, HplLeft,  HplLower, HplNoTrans,
  362.                                HplUnit, jb, nn, HPL_rone, L1ptr, jb, Uptr, LDU );
  363.            
  364.                     if( curr != 0 )
  365.                     {
  366.            #ifdef HPL_CALL_VSIPL
  367.            /*
  368.             * Create the matrix subviews
  369.             */
  370.                        Uv1 = vsip_msubview_d( Uv0, 0,            nq0,           jb, nn );
  371.                        Av1 = vsip_msubview_d( Av0, PANEL->ii+jb, PANEL->jj+nq0, mp, nn );
  372.            
  373.                        vsip_gemp_d( -HPL_rone, Lv1, VSIP_MAT_NTRANS, Uv1, VSIP_MAT_NTRANS,
  374.                                     HPL_rone, Av1 );
  375.            /*
  376.             * Destroy the matrix subviews
  377.             */
  378.                        (void) vsip_mdestroy_d( Av1 );
  379.                        (void) vsip_mdestroy_d( Uv1 );
  380.            #else
  381.  +                     HPL_dgemm( HplColumnMajor, HplNoTrans, HplNoTrans, mp, nn,
  382.                                   jb, -HPL_rone, L2ptr, ldl2, Uptr, LDU, HPL_rone,
  383.                                   Mptr( Aptr, jb, 0, lda ), lda );
  384.            #endif
  385.  +                     HPL_dlacpy( jb, nn, Uptr, LDU, Aptr, lda );
  386.                     }
  387.                     else
  388.                     {
  389.            #ifdef HPL_CALL_VSIPL
  390.            /*
  391.             * Create the matrix subviews
  392.             */
  393.                        Uv1 = vsip_msubview_d( Uv0, 0,            nq0,           jb, nn );
  394.                        Av1 = vsip_msubview_d( Av0, PANEL->ii,    PANEL->jj+nq0, mp, nn );
  395.            
  396.                        vsip_gemp_d( -HPL_rone, Lv1, VSIP_MAT_NTRANS, Uv1, VSIP_MAT_NTRANS,
  397.                                     HPL_rone, Av1 );
  398.            /*
  399.             * Destroy the matrix subviews
  400.             */
  401.                        (void) vsip_mdestroy_d( Av1 );
  402.                        (void) vsip_mdestroy_d( Uv1 );
  403.            #else
  404.  +                     HPL_dgemm( HplColumnMajor, HplNoTrans, HplNoTrans, mp, nn,
  405.                                   jb, -HPL_rone, L2ptr, ldl2, Uptr, LDU, HPL_rone,
  406.                                   Aptr, lda );
  407.            #endif
  408.                     }
  409.                  }
  410.            #ifdef HPL_CALL_VSIPL
  411.            /*
  412.             * Destroy the matrix subviews
  413.             */
  414.                  (void) vsip_mdestroy_d( Lv1 );
  415.            /*
  416.             * Release the blocks
  417.             */
  418.                  (void) vsip_blockrelease_d( vsip_mgetblock_d( Uv0 ), VSIP_TRUE );
  419.                  (void) vsip_blockrelease_d( vsip_mgetblock_d( Lv0 ), VSIP_TRUE );
  420.                  (void) vsip_blockrelease_d( vsip_mgetblock_d( Av0 ), VSIP_TRUE );
  421.            /*
  422.             * Destroy the matrix views
  423.             */
  424.                  (void) vsip_mdestroy_d( Uv0 );
  425.                  (void) vsip_mdestroy_d( Lv0 );
  426.                  (void) vsip_mdestroy_d( Av0 );
  427.            #endif
  428.               }
  429.            
  430.               PANEL->A = Mptr( PANEL->A, 0, n, lda ); PANEL->nq -= n; PANEL->jj += n;
  431.            /*
  432.             * return the outcome of the probe  (should always be  HPL_SUCCESS,  the
  433.             * panel broadcast is enforced in that routine).
  434.             */
  435.               if( PBCST != NULL ) *IFLAG = test;
  436.            #ifdef HPL_DETAILED_TIMING
  437.               HPL_ptimer( HPL_TIMING_UPDATE );
  438.            #endif
  439.            /*
  440.             * End of HPL_pdupdateNN
  441.             */
  442.            }

CC-6287 CC: VECTOR File = HPL_pdupdateNN.c, Line = 128 
  A loop was not vectorized because it contains a call to function "HPL_bcast" on line 128.

CC-3021 CC: IPA File = HPL_pdupdateNN.c, Line = 128 
  "HPL_bcast" (called from "HPL_pdupdateNN") was not inlined because the compiler was unable to locate the routine.

CC-3021 CC: IPA File = HPL_pdupdateNN.c, Line = 139 
  "HPL_bcast" (called from "HPL_pdupdateNN") was not inlined because the compiler was unable to locate the routine.

CC-6005 CC: SCALAR File = HPL_pdupdateNN.c, Line = 164 
  A loop was unrolled 4 times.

CC-6204 CC: VECTOR File = HPL_pdupdateNN.c, Line = 164 
  A loop was vectorized.

CC-6287 CC: VECTOR File = HPL_pdupdateNN.c, Line = 170 
  A loop was not vectorized because it contains a call to function "HPL_dlaswp00N" on line 181.

CC-3021 CC: IPA File = HPL_pdupdateNN.c, Line = 181 
  "HPL_dlaswp00N" (called from "HPL_pdupdateNN") was not inlined because the compiler was unable to locate the routine.

CC-3021 CC: IPA File = HPL_pdupdateNN.c, Line = 183 
  "HPL_dtrsm" (called from "HPL_pdupdateNN") was not inlined because the compiler was unable to locate the routine.

CC-3021 CC: IPA File = HPL_pdupdateNN.c, Line = 200 
  "HPL_dgemm" (called from "HPL_pdupdateNN") was not inlined because the compiler was unable to locate the routine.

CC-3021 CC: IPA File = HPL_pdupdateNN.c, Line = 206 
  "HPL_bcast" (called from "HPL_pdupdateNN") was not inlined because the compiler was unable to locate the routine.

CC-3021 CC: IPA File = HPL_pdupdateNN.c, Line = 218 
  "HPL_dlaswp00N" (called from "HPL_pdupdateNN") was not inlined because the compiler was unable to locate the routine.

CC-3021 CC: IPA File = HPL_pdupdateNN.c, Line = 220 
  "HPL_dtrsm" (called from "HPL_pdupdateNN") was not inlined because the compiler was unable to locate the routine.

CC-3021 CC: IPA File = HPL_pdupdateNN.c, Line = 237 
  "HPL_dgemm" (called from "HPL_pdupdateNN") was not inlined because the compiler was unable to locate the routine.

CC-3021 CC: IPA File = HPL_pdupdateNN.c, Line = 269 
  "HPL_pdlaswp01N" (called from "HPL_pdupdateNN") was not inlined because the compiler was unable to locate the routine.

CC-3021 CC: IPA File = HPL_pdupdateNN.c, Line = 271 
  "HPL_pdlaswp00N" (called from "HPL_pdupdateNN") was not inlined because the compiler was unable to locate the routine.

CC-6287 CC: VECTOR File = HPL_pdupdateNN.c, Line = 300 
  A loop was not vectorized because it contains a call to function "HPL_dtrsm" on line 304.

CC-3021 CC: IPA File = HPL_pdupdateNN.c, Line = 304 
  "HPL_dtrsm" (called from "HPL_pdupdateNN") was not inlined because the compiler was unable to locate the routine.

CC-3021 CC: IPA File = HPL_pdupdateNN.c, Line = 323 
  "HPL_dgemm" (called from "HPL_pdupdateNN") was not inlined because the compiler was unable to locate the routine.

CC-3021 CC: IPA File = HPL_pdupdateNN.c, Line = 327 
  "HPL_dlacpy" (called from "HPL_pdupdateNN") was not inlined because the compiler was unable to locate the routine.

CC-3021 CC: IPA File = HPL_pdupdateNN.c, Line = 346 
  "HPL_dgemm" (called from "HPL_pdupdateNN") was not inlined because the compiler was unable to locate the routine.

CC-3021 CC: IPA File = HPL_pdupdateNN.c, Line = 354 
  "HPL_bcast" (called from "HPL_pdupdateNN") was not inlined because the compiler was unable to locate the routine.

CC-3021 CC: IPA File = HPL_pdupdateNN.c, Line = 361 
  "HPL_dtrsm" (called from "HPL_pdupdateNN") was not inlined because the compiler was unable to locate the routine.

CC-3021 CC: IPA File = HPL_pdupdateNN.c, Line = 381 
  "HPL_dgemm" (called from "HPL_pdupdateNN") was not inlined because the compiler was unable to locate the routine.

CC-3021 CC: IPA File = HPL_pdupdateNN.c, Line = 385 
  "HPL_dlacpy" (called from "HPL_pdupdateNN") was not inlined because the compiler was unable to locate the routine.

CC-3021 CC: IPA File = HPL_pdupdateNN.c, Line = 404 
  "HPL_dgemm" (called from "HPL_pdupdateNN") was not inlined because the compiler was unable to locate the routine.


%%%%%%%%%%%%%%%%%%%%%%%%%%%%%%%%%%%%%%%%%%%%%%%%%%%%%%%%%%%%%%%%%%%%%%%%%%%%%%%%
%%%%%%%%%%%%%%%%%%%%%%%%%%%%%%%%%%%%%%%%%%%%%%%%%%%%%%%%%%%%%%%%%%%%%%%%%%%%%%%%
