%%%%%%%%%%%%%%%%%%%%%%%%%%%%%%%%%%%%%%%%%%%%%%%%%%%%%%%%%%%%%%%%%%%%%%%%%%%%%%%%
                          S u m m a r y   R e p o r t
%%%%%%%%%%%%%%%%%%%%%%%%%%%%%%%%%%%%%%%%%%%%%%%%%%%%%%%%%%%%%%%%%%%%%%%%%%%%%%%%

Compilation
-----------
File     : /lustre/tetyda/home/lgorski/okeanos_scripts/randomaccess/hpcc-1.4.3_src_mod_ra/hpl/lib/arch/build/../../../src/pauxil/HPL_dlaswp04T.c
Compiled : 2016-03-19  13:19:43
Compiler : Version 8.4.5
Ftnlx    : Version 8413 (libcif 84006)
Target   : x86-64
Command  : driver.cc -h cpu=haswell -h static -D __CRAYXC -D __CRAY_HASWELL
           -D __CRAYXT_COMPUTE_LINUX_TARGET -h network=aries
           -o ../../../src/pauxil/HPL_dlaswp04T.o
           -c ../../../src/pauxil/HPL_dlaswp04T.c -I ../../../include
           -I ../../../include/CrayX1 -D Add_ -D StringSunStyle
           -D F77_INTEGER=int -O 2 -h list=m -D LONG_IS_64BITS -h restrict=a
           -W l,--rpath=/opt/cray/cce/8.4.5/craylibs/x86-64
           -ibase-compiler /opt/cray/cce/8.4.5/CC/x86-64/compiler_include_base
           -isystem /opt/cray/cce/8.4.5/craylibs/x86-64/include
           -I /opt/gcc/4.8.1/snos/lib/gcc/x86_64-suse-linux/4.8.1/include
           -I /opt/gcc/4.8.1/snos/lib/gcc/x86_64-suse-linux/4.8.1/include-fixed
           -isystem /usr/include
           -I /opt/cray/mpt/7.3.2/gni/mpich-cray/8.3/include
           -I /opt/cray/libsci/16.03.1/CRAY/8.3/x86_64/include
           -I /opt/cray/rca/1.0.0-2.0502.60530.1.62.ari/include
           -I /opt/cray/pmi/5.0.10-1.0000.11050.0.0.ari/include
           -I /opt/cray/xpmem/0.1-2.0502.64982.5.3.ari/include
           -I /opt/cray/dmapp/7.0.1-1.0502.11080.8.76.ari/include
           -I /opt/cray/gni-headers/4.0-1.0502.10859.7.8.ari/include
           -I /opt/cray/ugni/6.0-1.0502.10863.8.29.ari/include
           -I /opt/cray/udreg/2.3.2-1.0502.10518.2.17.ari/include
           -I /opt/cray/cce/8.4.5/craylibs/x86-64/pkgconfig/../include
           -I /opt/cray/cce/8.4.5/craylibs/x86-64/pkgconfig/..//include
           -I /opt/cray/alps/5.2.4-2.0502.9774.31.11.ari/include
           -I /opt/cray/wlm_detect/1.0-1.0502.64649.2.1.ari/include
           -I /opt/cray/alps/5.2.4-2.0502.9774.31.11.ari/include
           -I /opt/cray/krca/1.0.0-2.0502.63139.4.31.ari/include
           -I /opt/cray-hss-devel/7.2.0/include

clx report
------------
Source   : /lustre/tetyda/home/lgorski/okeanos_scripts/randomaccess/hpcc-1.4.3_src_mod_ra/hpl/lib/arch/build/../../../src/pauxil/HPL_dlaswp04T.c
Date     : 03/19/2016  13:19:43


%%%%%%%%%%%%%%%%%%%%%%%%%%%%%%%%%%%%%%%%%%%%%%%%%%%%%%%%%%%%%%%%%%%%%%%%%%%%%%%%
                          S o u r c e   L i s t i n g
%%%%%%%%%%%%%%%%%%%%%%%%%%%%%%%%%%%%%%%%%%%%%%%%%%%%%%%%%%%%%%%%%%%%%%%%%%%%%%%%


     %%%    L o o p m a r k   L e g e n d    %%%

     Primary Loop Type        Modifiers
     ------- ---- ----        ---------
     A - Pattern matched      a - atomic memory operation
                              b - blocked
     C - Collapsed            c - conditional and/or computed
     D - Deleted               
     E - Cloned                
     F - Flat - No calls      f - fused
     G - Accelerated          g - partitioned
     I - Inlined              i - interchanged
     M - Multithreaded        m - partitioned
                              n - non-blocking remote transfer
                              p - partial
                              r - unrolled
                              s - shortloop
     V - Vectorized           w - unwound

     + - More messages listed at end of listing
     ------------------------------------------


    1.               /* 
    2.                * -- High Performance Computing Linpack Benchmark (HPL)                
    3.                *    HPL - 2.0 - September 10, 2008                          
    4.                *    Antoine P. Petitet                                                
    5.                *    University of Tennessee, Knoxville                                
    6.                *    Innovative Computing Laboratory                                 
    7.                *    (C) Copyright 2000-2008 All Rights Reserved                       
    8.                *                                                                      
    9.                * -- Copyright notice and Licensing terms:                             
   10.                *                                                                      
   11.                * Redistribution  and  use in  source and binary forms, with or without
   12.                * modification, are  permitted provided  that the following  conditions
   13.                * are met:                                                             
   14.                *                                                                      
   15.                * 1. Redistributions  of  source  code  must retain the above copyright
   16.                * notice, this list of conditions and the following disclaimer.        
   17.                *                                                                      
   18.                * 2. Redistributions in binary form must reproduce  the above copyright
   19.                * notice, this list of conditions,  and the following disclaimer in the
   20.                * documentation and/or other materials provided with the distribution. 
   21.                *                                                                      
   22.                * 3. All  advertising  materials  mentioning  features  or  use of this
   23.                * software must display the following acknowledgement:                 
   24.                * This  product  includes  software  developed  at  the  University  of
   25.                * Tennessee, Knoxville, Innovative Computing Laboratory.             
   26.                *                                                                      
   27.                * 4. The name of the  University,  the name of the  Laboratory,  or the
   28.                * names  of  its  contributors  may  not  be used to endorse or promote
   29.                * products  derived   from   this  software  without  specific  written
   30.                * permission.                                                          
   31.                *                                                                      
   32.                * -- Disclaimer:                                                       
   33.                *                                                                      
   34.                * THIS  SOFTWARE  IS PROVIDED BY THE COPYRIGHT HOLDERS AND CONTRIBUTORS
   35.                * ``AS IS'' AND ANY EXPRESS OR IMPLIED WARRANTIES,  INCLUDING,  BUT NOT
   36.                * LIMITED TO, THE IMPLIED WARRANTIES OF MERCHANTABILITY AND FITNESS FOR
   37.                * A PARTICULAR PURPOSE ARE DISCLAIMED. IN NO EVENT SHALL THE UNIVERSITY
   38.                * OR  CONTRIBUTORS  BE  LIABLE FOR ANY  DIRECT,  INDIRECT,  INCIDENTAL,
   39.                * SPECIAL,  EXEMPLARY,  OR  CONSEQUENTIAL DAMAGES  (INCLUDING,  BUT NOT
   40.                * LIMITED TO, PROCUREMENT OF SUBSTITUTE GOODS OR SERVICES; LOSS OF USE,
   41.                * DATA OR PROFITS; OR BUSINESS INTERRUPTION)  HOWEVER CAUSED AND ON ANY
   42.                * THEORY OF LIABILITY, WHETHER IN CONTRACT,  STRICT LIABILITY,  OR TORT
   43.                * (INCLUDING NEGLIGENCE OR OTHERWISE) ARISING IN ANY WAY OUT OF THE USE
   44.                * OF THIS SOFTWARE, EVEN IF ADVISED OF THE POSSIBILITY OF SUCH DAMAGE. 
   45.                * ---------------------------------------------------------------------
   46.                */ 
   47.               /*
   48.                * Include files
   49.                */
   50.               #include "hpl.h"
   51.               /*
   52.                * Define default value for unrolling factor
   53.                */
   54.               #ifndef HPL_LASWP04T_DEPTH
   55.               #define    HPL_LASWP04T_DEPTH       32
   56.               #define    HPL_LASWP04T_LOG2_DEPTH   5
   57.               #endif
   58.               
   59.               #ifdef HPL_STDC_HEADERS
   60.               void HPL_dlaswp04T
   61.               (
   62.                  const int                        M0,
   63.                  const int                        M1,
   64.                  const int                        N,
   65.                  double *                         U,
   66.                  const int                        LDU,
   67.                  double *                         A,
   68.                  const int                        LDA,
   69.                  const double *                   W0,
   70.                  const double *                   W,
   71.                  const int                        LDW,
   72.                  const int *                      LINDXA,
   73.                  const int *                      LINDXAU
   74.               )
   75.               #else
   76.               void HPL_dlaswp04T
   77.               ( M0, M1, N, U, LDU, A, LDA, W0, W, LDW, LINDXA, LINDXAU )
   78.                  const int                        M0;
   79.                  const int                        M1;
   80.                  const int                        N;
   81.                  double *                         U;
   82.                  const int                        LDU;
   83.                  double *                         A;
   84.                  const int                        LDA;
   85.                  const double *                   W0;
   86.                  const double *                   W;
   87.                  const int                        LDW;
   88.                  const int *                      LINDXA;
   89.                  const int *                      LINDXAU;
   90.               #endif
   91.               {
   92.               /* 
   93.                * Purpose
   94.                * =======
   95.                *
   96.                * HPL_dlaswp04T copies M0 columns of U into rows of A and replaces those
   97.                * columns of U with columns of W. In addition M1 - M0 columns of W  are
   98.                * copied into U.
   99.                *
  100.                * Arguments
  101.                * =========
  102.                *
  103.                * M0      (local input)                 const int
  104.                *         On entry, M0 specifies the number of columns of U that should
  105.                *         be copied into A and replaced by columns of W.  M0 must be at
  106.                *         least zero.
  107.                *
  108.                * M1      (local input)                 const int
  109.                *         On entry, M1 specifies  the number of columnns of W that will
  110.                *         be copied into U. M1 must be at least zero.
  111.                *
  112.                * N       (local input)                 const int
  113.                *         On entry,  N  specifies the length of the columns of  U  that
  114.                *         will be copied into rows of A. N must be at least zero.
  115.                *
  116.                * U       (local input/output)          double *
  117.                *         On entry,  U  points  to an array of dimension (LDU,*).  This
  118.                *         array contains the columns that are to be copied into rows of
  119.                *         A.
  120.                *
  121.                * LDU     (local input)                 const int
  122.                *         On entry, LDU specifies the leading dimension of the array U.
  123.                *         LDU must be at least MAX(1,N).
  124.                *
  125.                * A       (local output)                double *
  126.                *         On entry, A points to an array of dimension (LDA,N). On exit,
  127.                *         the  rows of this array specified by  LINDXA  are replaced by
  128.                *         columns of U indicated by LINDXAU.
  129.                *
  130.                * LDA     (local input)                 const int
  131.                *         On entry, LDA specifies the leading dimension of the array A.
  132.                *         LDA must be at least MAX(1,M0).
  133.                *
  134.                * W0      (local input)                 const double *
  135.                *         On entry,  W0  is an array of size (M-1)*LDW+1, that contains
  136.                *         the destination offset  in U where the columns of W should be
  137.                *         copied.
  138.                *
  139.                * W       (local input)                 const double *
  140.                *         On entry, W  is an array of size (LDW,M0+M1),  that  contains
  141.                *         data to be copied into U.  For i in [M0..M0+M1),  the entries
  142.                *         W(:,i) are copied into the column W0(i*LDW) of U.
  143.                *
  144.                * LDW     (local input)                 const int
  145.                *         On entry, LDW specifies the leading dimension of the array W.
  146.                *         LDW must be at least MAX(1,N+1).
  147.                *
  148.                * LINDXA  (local input)                 const int *
  149.                *         On entry, LINDXA  is an array of dimension  M0 containing the
  150.                *         local row indexes A into which columns of U are copied.
  151.                *
  152.                * LINDXAU (local input)                 const int *
  153.                *         On entry, LINDXAU  is an array of dimension M0 that  contains
  154.                *         the  local column indexes of  U  that should be copied into A
  155.                *         and replaced by the columns of W.
  156.                *
  157.                * ---------------------------------------------------------------------
  158.                */ 
  159.               /*
  160.                * .. Local Variables ..
  161.                */
  162.                  const double               * w = W, * w0;
  163.                  double                     * a0, * u0;
  164.                  const int                  incA = (int)( (unsigned int)(LDA) <<
  165.                                                           HPL_LASWP04T_LOG2_DEPTH ),
  166.                                             incU = (   1 << HPL_LASWP04T_LOG2_DEPTH );
  167.                  int                        nr, nu;
  168.                  register int               i, j;
  169.               /* ..
  170.                * .. Executable Statements ..
  171.                */
  172.                  if( ( ( M0 <= 0 ) && ( M1 <= 0 ) ) || ( N <= 0 ) ) return;
  173.               
  174.                  nr = N - ( nu = (int)( ( (unsigned int)(N) >> HPL_LASWP04T_LOG2_DEPTH ) <<
  175.                                         HPL_LASWP04T_LOG2_DEPTH ) );
  176.               
  177.  + 1--------<    for( j = 0; j < nu; j += HPL_LASWP04T_DEPTH, A += incA, U += incU,
  178.    1                  w += HPL_LASWP04T_DEPTH )
  179.    1             {
  180.  + 1 2------<       for( i = 0; i < M0; i++ )
  181.    1 2              {
  182.    1 2                 a0 = A + LINDXA[i]; u0 = U + LINDXAU[i] * LDU; w0 = w + i * LDW;
  183.    1 2        
  184.    1 2                 *a0 = u0[ 0]; u0[ 0] = w0[ 0]; a0 += LDA;
  185.    1 2        #if ( HPL_LASWP04T_DEPTH >  1 )
  186.    1 2                 *a0 = u0[ 1]; u0[ 1] = w0[ 1]; a0 += LDA;
  187.    1 2        #endif
  188.    1 2        #if ( HPL_LASWP04T_DEPTH >  2 )
  189.    1 2                 *a0 = u0[ 2]; u0[ 2] = w0[ 2]; a0 += LDA;
  190.    1 2                 *a0 = u0[ 3]; u0[ 3] = w0[ 3]; a0 += LDA;
  191.    1 2        #endif
  192.    1 2        #if ( HPL_LASWP04T_DEPTH >  4 )
  193.    1 2                 *a0 = u0[ 4]; u0[ 4] = w0[ 4]; a0 += LDA;
  194.    1 2                 *a0 = u0[ 5]; u0[ 5] = w0[ 5]; a0 += LDA;
  195.    1 2                 *a0 = u0[ 6]; u0[ 6] = w0[ 6]; a0 += LDA;
  196.    1 2                 *a0 = u0[ 7]; u0[ 7] = w0[ 7]; a0 += LDA;
  197.    1 2        #endif
  198.    1 2        #if ( HPL_LASWP04T_DEPTH >  8 )
  199.    1 2                 *a0 = u0[ 8]; u0[ 8] = w0[ 8]; a0 += LDA;
  200.    1 2                 *a0 = u0[ 9]; u0[ 9] = w0[ 9]; a0 += LDA;
  201.    1 2                 *a0 = u0[10]; u0[10] = w0[10]; a0 += LDA;
  202.    1 2                 *a0 = u0[11]; u0[11] = w0[11]; a0 += LDA;
  203.    1 2                 *a0 = u0[12]; u0[12] = w0[12]; a0 += LDA;
  204.    1 2                 *a0 = u0[13]; u0[13] = w0[13]; a0 += LDA;
  205.    1 2                 *a0 = u0[14]; u0[14] = w0[14]; a0 += LDA;
  206.    1 2                 *a0 = u0[15]; u0[15] = w0[15]; a0 += LDA;
  207.    1 2        #endif
  208.    1 2        #if ( HPL_LASWP04T_DEPTH > 16 )
  209.    1 2                 *a0 = u0[16]; u0[16] = w0[16]; a0 += LDA;
  210.    1 2                 *a0 = u0[17]; u0[17] = w0[17]; a0 += LDA;
  211.    1 2                 *a0 = u0[18]; u0[18] = w0[18]; a0 += LDA;
  212.    1 2                 *a0 = u0[19]; u0[19] = w0[19]; a0 += LDA;
  213.    1 2                 *a0 = u0[20]; u0[20] = w0[20]; a0 += LDA;
  214.    1 2                 *a0 = u0[21]; u0[21] = w0[21]; a0 += LDA;
  215.    1 2                 *a0 = u0[22]; u0[22] = w0[22]; a0 += LDA;
  216.    1 2                 *a0 = u0[23]; u0[23] = w0[23]; a0 += LDA;
  217.    1 2                 *a0 = u0[24]; u0[24] = w0[24]; a0 += LDA;
  218.    1 2                 *a0 = u0[25]; u0[25] = w0[25]; a0 += LDA;
  219.    1 2                 *a0 = u0[26]; u0[26] = w0[26]; a0 += LDA;
  220.    1 2                 *a0 = u0[27]; u0[27] = w0[27]; a0 += LDA;
  221.    1 2                 *a0 = u0[28]; u0[28] = w0[28]; a0 += LDA;
  222.    1 2                 *a0 = u0[29]; u0[29] = w0[29]; a0 += LDA;
  223.    1 2                 *a0 = u0[30]; u0[30] = w0[30]; a0 += LDA;
  224.    1 2                 *a0 = u0[31]; u0[31] = w0[31]; a0 += LDA;
  225.    1 2        #endif
  226.    1 2------>       }
  227.  + 1 2------<       for( i = M0; i < M1; i++ )
  228.    1 2              {
  229.    1 2                 u0 = U + (int)(*(W0+i*LDW)) * LDU; w0 = w + i * LDW;
  230.    1 2        
  231.    1 2                 u0[ 0] = w0[ 0];
  232.    1 2        #if ( HPL_LASWP04T_DEPTH >  1 )
  233.    1 2                 u0[ 1] = w0[ 1];
  234.    1 2        #endif
  235.    1 2        #if ( HPL_LASWP04T_DEPTH >  2 )
  236.    1 2                 u0[ 2] = w0[ 2]; u0[ 3] = w0[ 3];
  237.    1 2        #endif
  238.    1 2        #if ( HPL_LASWP04T_DEPTH >  4 )
  239.    1 2                 u0[ 4] = w0[ 4]; u0[ 5] = w0[ 5]; u0[ 6] = w0[ 6]; u0[ 7] = w0[ 7];
  240.    1 2        #endif
  241.    1 2        #if ( HPL_LASWP04T_DEPTH >  8 )
  242.    1 2                 u0[ 8] = w0[ 8]; u0[ 9] = w0[ 9]; u0[10] = w0[10]; u0[11] = w0[11];
  243.    1 2                 u0[12] = w0[12]; u0[13] = w0[13]; u0[14] = w0[14]; u0[15] = w0[15];
  244.    1 2        #endif
  245.    1 2        #if ( HPL_LASWP04T_DEPTH > 16 )
  246.    1 2                 u0[16] = w0[16]; u0[17] = w0[17]; u0[18] = w0[18]; u0[19] = w0[19];
  247.    1 2                 u0[20] = w0[20]; u0[21] = w0[21]; u0[22] = w0[22]; u0[23] = w0[23];
  248.    1 2                 u0[24] = w0[24]; u0[25] = w0[25]; u0[26] = w0[26]; u0[27] = w0[27];
  249.    1 2                 u0[28] = w0[28]; u0[29] = w0[29]; u0[30] = w0[30]; u0[31] = w0[31];
  250.    1 2        #endif
  251.    1 2------>       }
  252.    1-------->    }
  253.               
  254.                  if( nr > 0 )
  255.                  {
  256.  + 1--------<       for( i = 0; i < M0; i++ )
  257.    1                {
  258.    1                   a0 = A + LINDXA[i]; u0 = U + LINDXAU[i] * LDU; w0 = w + i * LDW;
  259.  + 1 Vpr2--<>          for( j = 0; j < nr; j++, a0 += LDA ) { *a0 = u0[j]; u0[j] = w0[j]; }
  260.    1-------->       }
  261.  + 1--------<       for( i = M0; i < M1; i++ )
  262.    1                {
  263.    1                   u0 = U + (int)(*(W0+i*LDW)) * LDU; w0 = w + i * LDW;
  264.    1 Vr2---<>          for( j = 0; j < nr; j++ ) { u0[j] = w0[j]; }
  265.    1-------->       }
  266.                  }
  267.               /*
  268.                * End of HPL_dlaswp04T
  269.                */
  270.               } 

CC-6291 CC: VECTOR File = HPL_dlaswp04T.c, Line = 177 
  A loop was not vectorized because a recurrence was found between "a0" at line 184 and "W0" at line 229.

CC-6289 CC: VECTOR File = HPL_dlaswp04T.c, Line = 180 
  A loop was not vectorized because a recurrence was found on "u0" between lines 184 and 186.

CC-6291 CC: VECTOR File = HPL_dlaswp04T.c, Line = 227 
  A loop was not vectorized because a recurrence was found between "W0" at line 229 and "u0" at line 231.

CC-6294 CC: VECTOR File = HPL_dlaswp04T.c, Line = 256 
  A loop was not vectorized because a better candidate was found at line 259.

CC-6005 CC: SCALAR File = HPL_dlaswp04T.c, Line = 259 
  A loop was unrolled 2 times.

CC-6381 CC: VECTOR File = HPL_dlaswp04T.c, Line = 259 
  A loop was vector pipelined.

CC-6209 CC: VECTOR File = HPL_dlaswp04T.c, Line = 259 
  A loop was partially vectorized.

CC-6294 CC: VECTOR File = HPL_dlaswp04T.c, Line = 261 
  A loop was not vectorized because a better candidate was found at line 264.

CC-6005 CC: SCALAR File = HPL_dlaswp04T.c, Line = 264 
  A loop was unrolled 2 times.

CC-6204 CC: VECTOR File = HPL_dlaswp04T.c, Line = 264 
  A loop was vectorized.


%%%%%%%%%%%%%%%%%%%%%%%%%%%%%%%%%%%%%%%%%%%%%%%%%%%%%%%%%%%%%%%%%%%%%%%%%%%%%%%%
%%%%%%%%%%%%%%%%%%%%%%%%%%%%%%%%%%%%%%%%%%%%%%%%%%%%%%%%%%%%%%%%%%%%%%%%%%%%%%%%
