%%%%%%%%%%%%%%%%%%%%%%%%%%%%%%%%%%%%%%%%%%%%%%%%%%%%%%%%%%%%%%%%%%%%%%%%%%%%%%%%
                          S u m m a r y   R e p o r t
%%%%%%%%%%%%%%%%%%%%%%%%%%%%%%%%%%%%%%%%%%%%%%%%%%%%%%%%%%%%%%%%%%%%%%%%%%%%%%%%

Compilation
-----------
File     : /lustre/tetyda/home/lgorski/okeanos_scripts/randomaccess/hpcc-1.4.3_src_mod_ra/hpl/lib/arch/build/../../../src/pauxil/HPL_dlaswp06T.c
Compiled : 2016-03-19  13:19:44
Compiler : Version 8.4.5
Ftnlx    : Version 8413 (libcif 84006)
Target   : x86-64
Command  : driver.cc -h cpu=haswell -h static -D __CRAYXC -D __CRAY_HASWELL
           -D __CRAYXT_COMPUTE_LINUX_TARGET -h network=aries
           -o ../../../src/pauxil/HPL_dlaswp06T.o
           -c ../../../src/pauxil/HPL_dlaswp06T.c -I ../../../include
           -I ../../../include/CrayX1 -D Add_ -D StringSunStyle
           -D F77_INTEGER=int -O 2 -h list=m -D LONG_IS_64BITS -h restrict=a
           -W l,--rpath=/opt/cray/cce/8.4.5/craylibs/x86-64
           -ibase-compiler /opt/cray/cce/8.4.5/CC/x86-64/compiler_include_base
           -isystem /opt/cray/cce/8.4.5/craylibs/x86-64/include
           -I /opt/gcc/4.8.1/snos/lib/gcc/x86_64-suse-linux/4.8.1/include
           -I /opt/gcc/4.8.1/snos/lib/gcc/x86_64-suse-linux/4.8.1/include-fixed
           -isystem /usr/include
           -I /opt/cray/mpt/7.3.2/gni/mpich-cray/8.3/include
           -I /opt/cray/libsci/16.03.1/CRAY/8.3/x86_64/include
           -I /opt/cray/rca/1.0.0-2.0502.60530.1.62.ari/include
           -I /opt/cray/pmi/5.0.10-1.0000.11050.0.0.ari/include
           -I /opt/cray/xpmem/0.1-2.0502.64982.5.3.ari/include
           -I /opt/cray/dmapp/7.0.1-1.0502.11080.8.76.ari/include
           -I /opt/cray/gni-headers/4.0-1.0502.10859.7.8.ari/include
           -I /opt/cray/ugni/6.0-1.0502.10863.8.29.ari/include
           -I /opt/cray/udreg/2.3.2-1.0502.10518.2.17.ari/include
           -I /opt/cray/cce/8.4.5/craylibs/x86-64/pkgconfig/../include
           -I /opt/cray/cce/8.4.5/craylibs/x86-64/pkgconfig/..//include
           -I /opt/cray/alps/5.2.4-2.0502.9774.31.11.ari/include
           -I /opt/cray/wlm_detect/1.0-1.0502.64649.2.1.ari/include
           -I /opt/cray/alps/5.2.4-2.0502.9774.31.11.ari/include
           -I /opt/cray/krca/1.0.0-2.0502.63139.4.31.ari/include
           -I /opt/cray-hss-devel/7.2.0/include

clx report
------------
Source   : /lustre/tetyda/home/lgorski/okeanos_scripts/randomaccess/hpcc-1.4.3_src_mod_ra/hpl/lib/arch/build/../../../src/pauxil/HPL_dlaswp06T.c
Date     : 03/19/2016  13:19:45


%%%%%%%%%%%%%%%%%%%%%%%%%%%%%%%%%%%%%%%%%%%%%%%%%%%%%%%%%%%%%%%%%%%%%%%%%%%%%%%%
                          S o u r c e   L i s t i n g
%%%%%%%%%%%%%%%%%%%%%%%%%%%%%%%%%%%%%%%%%%%%%%%%%%%%%%%%%%%%%%%%%%%%%%%%%%%%%%%%


     %%%    L o o p m a r k   L e g e n d    %%%

     Primary Loop Type        Modifiers
     ------- ---- ----        ---------
     A - Pattern matched      a - atomic memory operation
                              b - blocked
     C - Collapsed            c - conditional and/or computed
     D - Deleted               
     E - Cloned                
     F - Flat - No calls      f - fused
     G - Accelerated          g - partitioned
     I - Inlined              i - interchanged
     M - Multithreaded        m - partitioned
                              n - non-blocking remote transfer
                              p - partial
                              r - unrolled
                              s - shortloop
     V - Vectorized           w - unwound

     + - More messages listed at end of listing
     ------------------------------------------


    1.              /* 
    2.               * -- High Performance Computing Linpack Benchmark (HPL)                
    3.               *    HPL - 2.0 - September 10, 2008                          
    4.               *    Antoine P. Petitet                                                
    5.               *    University of Tennessee, Knoxville                                
    6.               *    Innovative Computing Laboratory                                 
    7.               *    (C) Copyright 2000-2008 All Rights Reserved                       
    8.               *                                                                      
    9.               * -- Copyright notice and Licensing terms:                             
   10.               *                                                                      
   11.               * Redistribution  and  use in  source and binary forms, with or without
   12.               * modification, are  permitted provided  that the following  conditions
   13.               * are met:                                                             
   14.               *                                                                      
   15.               * 1. Redistributions  of  source  code  must retain the above copyright
   16.               * notice, this list of conditions and the following disclaimer.        
   17.               *                                                                      
   18.               * 2. Redistributions in binary form must reproduce  the above copyright
   19.               * notice, this list of conditions,  and the following disclaimer in the
   20.               * documentation and/or other materials provided with the distribution. 
   21.               *                                                                      
   22.               * 3. All  advertising  materials  mentioning  features  or  use of this
   23.               * software must display the following acknowledgement:                 
   24.               * This  product  includes  software  developed  at  the  University  of
   25.               * Tennessee, Knoxville, Innovative Computing Laboratory.             
   26.               *                                                                      
   27.               * 4. The name of the  University,  the name of the  Laboratory,  or the
   28.               * names  of  its  contributors  may  not  be used to endorse or promote
   29.               * products  derived   from   this  software  without  specific  written
   30.               * permission.                                                          
   31.               *                                                                      
   32.               * -- Disclaimer:                                                       
   33.               *                                                                      
   34.               * THIS  SOFTWARE  IS PROVIDED BY THE COPYRIGHT HOLDERS AND CONTRIBUTORS
   35.               * ``AS IS'' AND ANY EXPRESS OR IMPLIED WARRANTIES,  INCLUDING,  BUT NOT
   36.               * LIMITED TO, THE IMPLIED WARRANTIES OF MERCHANTABILITY AND FITNESS FOR
   37.               * A PARTICULAR PURPOSE ARE DISCLAIMED. IN NO EVENT SHALL THE UNIVERSITY
   38.               * OR  CONTRIBUTORS  BE  LIABLE FOR ANY  DIRECT,  INDIRECT,  INCIDENTAL,
   39.               * SPECIAL,  EXEMPLARY,  OR  CONSEQUENTIAL DAMAGES  (INCLUDING,  BUT NOT
   40.               * LIMITED TO, PROCUREMENT OF SUBSTITUTE GOODS OR SERVICES; LOSS OF USE,
   41.               * DATA OR PROFITS; OR BUSINESS INTERRUPTION)  HOWEVER CAUSED AND ON ANY
   42.               * THEORY OF LIABILITY, WHETHER IN CONTRACT,  STRICT LIABILITY,  OR TORT
   43.               * (INCLUDING NEGLIGENCE OR OTHERWISE) ARISING IN ANY WAY OUT OF THE USE
   44.               * OF THIS SOFTWARE, EVEN IF ADVISED OF THE POSSIBILITY OF SUCH DAMAGE. 
   45.               * ---------------------------------------------------------------------
   46.               */ 
   47.              /*
   48.               * Include files
   49.               */
   50.              #include "hpl.h"
   51.              /*
   52.               * Define default value for unrolling factor
   53.               */
   54.              #ifndef HPL_LASWP06T_DEPTH
   55.              #define    HPL_LASWP06T_DEPTH       32
   56.              #define    HPL_LASWP06T_LOG2_DEPTH   5
   57.              #endif
   58.              
   59.              #ifdef HPL_STDC_HEADERS
   60.              void HPL_dlaswp06T
   61.              (
   62.                 const int                        M,
   63.                 const int                        N,
   64.                 double *                         A,
   65.                 const int                        LDA,
   66.                 double *                         U,
   67.                 const int                        LDU,
   68.                 const int *                      LINDXA
   69.              )
   70.              #else
   71.              void HPL_dlaswp06T
   72.              ( M, N, A, LDA, U, LDU, LINDXA )
   73.                 const int                        M;
   74.                 const int                        N;
   75.                 double *                         A;
   76.                 const int                        LDA;
   77.                 double *                         U;
   78.                 const int                        LDU;
   79.                 const int *                      LINDXA;
   80.              #endif
   81.              {
   82.              /* 
   83.               * Purpose
   84.               * =======
   85.               *
   86.               * HPL_dlaswp06T swaps  columns  of  U  with  rows  of  A  at  positions
   87.               * indicated by LINDXA.
   88.               *
   89.               * Arguments
   90.               * =========
   91.               *
   92.               * M       (local input)                 const int
   93.               *         On entry, M  specifies the number of rows of A that should be
   94.               *         swapped with columns of U. M must be at least zero.
   95.               *
   96.               * N       (local input)                 const int
   97.               *         On entry, N specifies the length of the rows of A that should
   98.               *         be swapped with columns of U. N must be at least zero.
   99.               *
  100.               * A       (local output)                double *
  101.               *         On entry, A points to an array of dimension (LDA,N). On exit,
  102.               *         the  rows of this array specified by  LINDXA  are replaced by
  103.               *         columns of U.
  104.               *
  105.               * LDA     (local input)                 const int
  106.               *         On entry, LDA specifies the leading dimension of the array A.
  107.               *         LDA must be at least MAX(1,M).
  108.               *
  109.               * U       (local input/output)          double *
  110.               *         On entry,  U  points  to an array of dimension (LDU,*).  This
  111.               *         array contains the columns of  U  that are to be swapped with
  112.               *         rows of A.
  113.               *
  114.               * LDU     (local input)                 const int
  115.               *         On entry, LDU specifies the leading dimension of the array U.
  116.               *         LDU must be at least MAX(1,N).
  117.               *
  118.               * LINDXA  (local input)                 const int *
  119.               *         On entry, LINDXA is an array of dimension M that contains the
  120.               *         local row indexes of A that should be swapped with U.
  121.               *
  122.               * ---------------------------------------------------------------------
  123.               */ 
  124.              /*
  125.               * .. Local Variables ..
  126.               */
  127.                 double                     r;
  128.                 double                     * U0 = U, * a0, * u0;
  129.                 const int                  incA = (int)( (unsigned int)(LDA) <<
  130.                                                          HPL_LASWP06T_LOG2_DEPTH ),
  131.                                            incU = ( 1 << HPL_LASWP06T_LOG2_DEPTH );
  132.                 int                        nr, nu;
  133.                 register int               i, j;
  134.              /* ..
  135.               * .. Executable Statements ..
  136.               */
  137.                 if( ( M <= 0 ) || ( N <= 0 ) ) return;
  138.              
  139.                 nr = N - ( nu = (int)( ( (unsigned int)(N) >> HPL_LASWP06T_LOG2_DEPTH ) <<
  140.                                          HPL_LASWP06T_LOG2_DEPTH ) );
  141.              
  142.  + 1-------<    for( j = 0; j < nu; j += HPL_LASWP06T_DEPTH, A += incA, U0 += incU )
  143.    1            {
  144.  + 1 2-----<       for( i = 0; i < M; i++ )
  145.    1 2             {
  146.    1 2                a0 = A  + (size_t)(LINDXA[i]);
  147.    1 2                u0 = U0 + (size_t)(i) * (size_t)(LDU);
  148.    1 2       
  149.    1 2                r = *a0; *a0 = u0[ 0]; u0[ 0] = r; a0 += LDA;
  150.    1 2       #if ( HPL_LASWP06T_DEPTH >  1 )
  151.    1 2                r = *a0; *a0 = u0[ 1]; u0[ 1] = r; a0 += LDA;
  152.    1 2       #endif
  153.    1 2       #if ( HPL_LASWP06T_DEPTH >  2 )
  154.    1 2                r = *a0; *a0 = u0[ 2]; u0[ 2] = r; a0 += LDA;
  155.    1 2                r = *a0; *a0 = u0[ 3]; u0[ 3] = r; a0 += LDA;
  156.    1 2       #endif
  157.    1 2       #if ( HPL_LASWP06T_DEPTH >  4 )
  158.    1 2                r = *a0; *a0 = u0[ 4]; u0[ 4] = r; a0 += LDA;
  159.    1 2                r = *a0; *a0 = u0[ 5]; u0[ 5] = r; a0 += LDA;
  160.    1 2                r = *a0; *a0 = u0[ 6]; u0[ 6] = r; a0 += LDA;
  161.    1 2                r = *a0; *a0 = u0[ 7]; u0[ 7] = r; a0 += LDA;
  162.    1 2       #endif
  163.    1 2       #if ( HPL_LASWP06T_DEPTH >  8 )
  164.    1 2                r = *a0; *a0 = u0[ 8]; u0[ 8] = r; a0 += LDA;
  165.    1 2                r = *a0; *a0 = u0[ 9]; u0[ 9] = r; a0 += LDA;
  166.    1 2                r = *a0; *a0 = u0[10]; u0[10] = r; a0 += LDA;
  167.    1 2                r = *a0; *a0 = u0[11]; u0[11] = r; a0 += LDA;
  168.    1 2                r = *a0; *a0 = u0[12]; u0[12] = r; a0 += LDA;
  169.    1 2                r = *a0; *a0 = u0[13]; u0[13] = r; a0 += LDA;
  170.    1 2                r = *a0; *a0 = u0[14]; u0[14] = r; a0 += LDA;
  171.    1 2                r = *a0; *a0 = u0[15]; u0[15] = r; a0 += LDA;
  172.    1 2       #endif
  173.    1 2       #if ( HPL_LASWP06T_DEPTH > 16 )
  174.    1 2                r = *a0; *a0 = u0[16]; u0[16] = r; a0 += LDA;
  175.    1 2                r = *a0; *a0 = u0[17]; u0[17] = r; a0 += LDA;
  176.    1 2                r = *a0; *a0 = u0[18]; u0[18] = r; a0 += LDA;
  177.    1 2                r = *a0; *a0 = u0[19]; u0[19] = r; a0 += LDA;
  178.    1 2                r = *a0; *a0 = u0[20]; u0[20] = r; a0 += LDA;
  179.    1 2                r = *a0; *a0 = u0[21]; u0[21] = r; a0 += LDA;
  180.    1 2                r = *a0; *a0 = u0[22]; u0[22] = r; a0 += LDA;
  181.    1 2                r = *a0; *a0 = u0[23]; u0[23] = r; a0 += LDA;
  182.    1 2                r = *a0; *a0 = u0[24]; u0[24] = r; a0 += LDA;
  183.    1 2                r = *a0; *a0 = u0[25]; u0[25] = r; a0 += LDA;
  184.    1 2                r = *a0; *a0 = u0[26]; u0[26] = r; a0 += LDA;
  185.    1 2                r = *a0; *a0 = u0[27]; u0[27] = r; a0 += LDA;
  186.    1 2                r = *a0; *a0 = u0[28]; u0[28] = r; a0 += LDA;
  187.    1 2                r = *a0; *a0 = u0[29]; u0[29] = r; a0 += LDA;
  188.    1 2                r = *a0; *a0 = u0[30]; u0[30] = r; a0 += LDA;
  189.    1 2                r = *a0; *a0 = u0[31]; u0[31] = r; a0 += LDA;
  190.    1 2       #endif
  191.    1 2----->       }
  192.    1------->    }
  193.              
  194.                 if( nr > 0 )
  195.                 {
  196.  + 1-------<       for( i = 0; i < M; i++ )
  197.    1               {
  198.    1                  a0 = A  + (size_t)(LINDXA[i]);
  199.    1                  u0 = U0 + (size_t)(i) * (size_t)(LDU);
  200.    1 Vcr2--<          for( j = 0; j < nr; j++, a0 += LDA )
  201.    1 Vcr2-->          { r = *a0; *a0 = u0[j]; u0[j] = r; }
  202.    1------->       }
  203.                 }
  204.              /*
  205.               * End of HPL_dlaswp06T
  206.               */
  207.              }

CC-6289 CC: VECTOR File = HPL_dlaswp06T.c, Line = 142 
  A loop was not vectorized because a recurrence was found on "a0" between lines 149 and 151.

CC-6289 CC: VECTOR File = HPL_dlaswp06T.c, Line = 144 
  A loop was not vectorized because a recurrence was found on "a0" between lines 149 and 151.

CC-6294 CC: VECTOR File = HPL_dlaswp06T.c, Line = 196 
  A loop was not vectorized because a better candidate was found at line 200.

CC-6005 CC: SCALAR File = HPL_dlaswp06T.c, Line = 200 
  A loop was unrolled 2 times.

CC-6213 CC: VECTOR File = HPL_dlaswp06T.c, Line = 200 
  A loop was conditionally vectorized.


%%%%%%%%%%%%%%%%%%%%%%%%%%%%%%%%%%%%%%%%%%%%%%%%%%%%%%%%%%%%%%%%%%%%%%%%%%%%%%%%
%%%%%%%%%%%%%%%%%%%%%%%%%%%%%%%%%%%%%%%%%%%%%%%%%%%%%%%%%%%%%%%%%%%%%%%%%%%%%%%%
