%%%%%%%%%%%%%%%%%%%%%%%%%%%%%%%%%%%%%%%%%%%%%%%%%%%%%%%%%%%%%%%%%%%%%%%%%%%%%%%%
                          S u m m a r y   R e p o r t
%%%%%%%%%%%%%%%%%%%%%%%%%%%%%%%%%%%%%%%%%%%%%%%%%%%%%%%%%%%%%%%%%%%%%%%%%%%%%%%%

Compilation
-----------
File     : /lustre/tetyda/home/lgorski/okeanos_scripts/randomaccess/hpcc-1.4.3_src_mod_ra/hpl/lib/arch/build/../../../src/grid/HPL_reduce.c
Compiled : 2016-03-19  13:19:34
Compiler : Version 8.4.5
Ftnlx    : Version 8413 (libcif 84006)
Target   : x86-64
Command  : driver.cc -h cpu=haswell -h static -D __CRAYXC -D __CRAY_HASWELL
           -D __CRAYXT_COMPUTE_LINUX_TARGET -h network=aries
           -o ../../../src/grid/HPL_reduce.o -c ../../../src/grid/HPL_reduce.c
           -I ../../../include -I ../../../include/CrayX1 -D Add_
           -D StringSunStyle -D F77_INTEGER=int -O 2 -h list=m
           -D LONG_IS_64BITS -h restrict=a
           -W l,--rpath=/opt/cray/cce/8.4.5/craylibs/x86-64
           -ibase-compiler /opt/cray/cce/8.4.5/CC/x86-64/compiler_include_base
           -isystem /opt/cray/cce/8.4.5/craylibs/x86-64/include
           -I /opt/gcc/4.8.1/snos/lib/gcc/x86_64-suse-linux/4.8.1/include
           -I /opt/gcc/4.8.1/snos/lib/gcc/x86_64-suse-linux/4.8.1/include-fixed
           -isystem /usr/include
           -I /opt/cray/mpt/7.3.2/gni/mpich-cray/8.3/include
           -I /opt/cray/libsci/16.03.1/CRAY/8.3/x86_64/include
           -I /opt/cray/rca/1.0.0-2.0502.60530.1.62.ari/include
           -I /opt/cray/pmi/5.0.10-1.0000.11050.0.0.ari/include
           -I /opt/cray/xpmem/0.1-2.0502.64982.5.3.ari/include
           -I /opt/cray/dmapp/7.0.1-1.0502.11080.8.76.ari/include
           -I /opt/cray/gni-headers/4.0-1.0502.10859.7.8.ari/include
           -I /opt/cray/ugni/6.0-1.0502.10863.8.29.ari/include
           -I /opt/cray/udreg/2.3.2-1.0502.10518.2.17.ari/include
           -I /opt/cray/cce/8.4.5/craylibs/x86-64/pkgconfig/../include
           -I /opt/cray/cce/8.4.5/craylibs/x86-64/pkgconfig/..//include
           -I /opt/cray/alps/5.2.4-2.0502.9774.31.11.ari/include
           -I /opt/cray/wlm_detect/1.0-1.0502.64649.2.1.ari/include
           -I /opt/cray/alps/5.2.4-2.0502.9774.31.11.ari/include
           -I /opt/cray/krca/1.0.0-2.0502.63139.4.31.ari/include
           -I /opt/cray-hss-devel/7.2.0/include

clx report
------------
Source   : /lustre/tetyda/home/lgorski/okeanos_scripts/randomaccess/hpcc-1.4.3_src_mod_ra/hpl/lib/arch/build/../../../src/grid/HPL_reduce.c
Date     : 03/19/2016  13:19:34


%%%%%%%%%%%%%%%%%%%%%%%%%%%%%%%%%%%%%%%%%%%%%%%%%%%%%%%%%%%%%%%%%%%%%%%%%%%%%%%%
                          S o u r c e   L i s t i n g
%%%%%%%%%%%%%%%%%%%%%%%%%%%%%%%%%%%%%%%%%%%%%%%%%%%%%%%%%%%%%%%%%%%%%%%%%%%%%%%%


     %%%    L o o p m a r k   L e g e n d    %%%

     Primary Loop Type        Modifiers
     ------- ---- ----        ---------
     A - Pattern matched      a - atomic memory operation
                              b - blocked
     C - Collapsed            c - conditional and/or computed
     D - Deleted               
     E - Cloned                
     F - Flat - No calls      f - fused
     G - Accelerated          g - partitioned
     I - Inlined              i - interchanged
     M - Multithreaded        m - partitioned
                              n - non-blocking remote transfer
                              p - partial
                              r - unrolled
                              s - shortloop
     V - Vectorized           w - unwound

     + - More messages listed at end of listing
     ------------------------------------------


    1.          /* 
    2.           * -- High Performance Computing Linpack Benchmark (HPL)                
    3.           *    HPL - 2.0 - September 10, 2008                          
    4.           *    Antoine P. Petitet                                                
    5.           *    University of Tennessee, Knoxville                                
    6.           *    Innovative Computing Laboratory                                 
    7.           *    (C) Copyright 2000-2008 All Rights Reserved                       
    8.           *                                                                      
    9.           * -- Copyright notice and Licensing terms:                             
   10.           *                                                                      
   11.           * Redistribution  and  use in  source and binary forms, with or without
   12.           * modification, are  permitted provided  that the following  conditions
   13.           * are met:                                                             
   14.           *                                                                      
   15.           * 1. Redistributions  of  source  code  must retain the above copyright
   16.           * notice, this list of conditions and the following disclaimer.        
   17.           *                                                                      
   18.           * 2. Redistributions in binary form must reproduce  the above copyright
   19.           * notice, this list of conditions,  and the following disclaimer in the
   20.           * documentation and/or other materials provided with the distribution. 
   21.           *                                                                      
   22.           * 3. All  advertising  materials  mentioning  features  or  use of this
   23.           * software must display the following acknowledgement:                 
   24.           * This  product  includes  software  developed  at  the  University  of
   25.           * Tennessee, Knoxville, Innovative Computing Laboratory.             
   26.           *                                                                      
   27.           * 4. The name of the  University,  the name of the  Laboratory,  or the
   28.           * names  of  its  contributors  may  not  be used to endorse or promote
   29.           * products  derived   from   this  software  without  specific  written
   30.           * permission.                                                          
   31.           *                                                                      
   32.           * -- Disclaimer:                                                       
   33.           *                                                                      
   34.           * THIS  SOFTWARE  IS PROVIDED BY THE COPYRIGHT HOLDERS AND CONTRIBUTORS
   35.           * ``AS IS'' AND ANY EXPRESS OR IMPLIED WARRANTIES,  INCLUDING,  BUT NOT
   36.           * LIMITED TO, THE IMPLIED WARRANTIES OF MERCHANTABILITY AND FITNESS FOR
   37.           * A PARTICULAR PURPOSE ARE DISCLAIMED. IN NO EVENT SHALL THE UNIVERSITY
   38.           * OR  CONTRIBUTORS  BE  LIABLE FOR ANY  DIRECT,  INDIRECT,  INCIDENTAL,
   39.           * SPECIAL,  EXEMPLARY,  OR  CONSEQUENTIAL DAMAGES  (INCLUDING,  BUT NOT
   40.           * LIMITED TO, PROCUREMENT OF SUBSTITUTE GOODS OR SERVICES; LOSS OF USE,
   41.           * DATA OR PROFITS; OR BUSINESS INTERRUPTION)  HOWEVER CAUSED AND ON ANY
   42.           * THEORY OF LIABILITY, WHETHER IN CONTRACT,  STRICT LIABILITY,  OR TORT
   43.           * (INCLUDING NEGLIGENCE OR OTHERWISE) ARISING IN ANY WAY OUT OF THE USE
   44.           * OF THIS SOFTWARE, EVEN IF ADVISED OF THE POSSIBILITY OF SUCH DAMAGE. 
   45.           * ---------------------------------------------------------------------
   46.           */ 
   47.          /*
   48.           * Include files
   49.           */
   50.          #include "hpl.h"
   51.          
   52.          #ifdef HPL_STDC_HEADERS
   53.          int HPL_reduce
   54.          (
   55.             void *                           BUFFER,
   56.             const int                        COUNT,
   57.             const HPL_T_TYPE                 DTYPE,
   58.             const HPL_T_OP                   OP,
   59.             const int                        ROOT,
   60.             MPI_Comm                         COMM
   61.          )
   62.          #else
   63.          int HPL_reduce
   64.          ( BUFFER, COUNT, DTYPE, OP, ROOT, COMM )
   65.             void *                           BUFFER;
   66.             const int                        COUNT;
   67.             const HPL_T_TYPE                 DTYPE;
   68.             const HPL_T_OP                   OP;
   69.             const int                        ROOT;
   70.             MPI_Comm                         COMM;
   71.          #endif
   72.          {
   73.          /* 
   74.           * Purpose
   75.           * =======
   76.           *
   77.           * HPL_reduce performs a global reduce operation across all processes of
   78.           * a group.  Note that the input buffer is  used as workarray and in all
   79.           * processes but the accumulating process corrupting the original data.
   80.           *
   81.           * Arguments
   82.           * =========
   83.           *
   84.           * BUFFER  (local input/output)          void *
   85.           *         On entry,  BUFFER  points to  the  buffer to be  reduced.  On
   86.           *         exit,  and  in process of rank  ROOT  this array contains the
   87.           *         reduced data.  This  buffer  is also used as workspace during
   88.           *         the operation in the other processes of the group.
   89.           *
   90.           * COUNT   (global input)                const int
   91.           *         On entry,  COUNT  indicates the number of entries in  BUFFER.
   92.           *         COUNT must be at least zero.
   93.           *
   94.           * DTYPE   (global input)                const HPL_T_TYPE
   95.           *         On entry,  DTYPE  specifies the type of the buffers operands.
   96.           *
   97.           * OP      (global input)                const HPL_T_OP 
   98.           *         On entry, OP is a pointer to the local combine function.
   99.           *
  100.           * ROOT    (global input)                const int
  101.           *         On entry, ROOT is the coordinate of the accumulating process.
  102.           *
  103.           * COMM    (global/local input)          MPI_Comm
  104.           *         The MPI communicator identifying the process collection.
  105.           *
  106.           * ---------------------------------------------------------------------
  107.           */ 
  108.          /*
  109.           * .. Local Variables ..
  110.           */
  111.             MPI_Status                 status;
  112.             void                       * buffer = NULL;
  113.             int                        hplerr=MPI_SUCCESS, d=1, i, ip2=1, mask=0,
  114.                                        mpierr, mydist, partner, rank, size, 
  115.                                        tag = MSGID_BEGIN_COLL;
  116.          /* ..
  117.           * .. Executable Statements ..
  118.           */
  119.             if( COUNT <= 0 ) return( MPI_SUCCESS );
  120.  +          mpierr = MPI_Comm_size( COMM, &size );
  121.             if( size  == 1 ) return( MPI_SUCCESS );
  122.  +          mpierr = MPI_Comm_rank( COMM, &rank );
  123.  + 1--<>    i = size - 1; while( i > 1 ) { i >>= 1; d++; }
  124.          
  125.             if( DTYPE == HPL_INT )
  126.                buffer = (void *)( (int *)   malloc( (size_t)(COUNT) * 
  127.                                                     sizeof( int    ) ) );
  128.             else
  129.                buffer = (void *)( (double *)malloc( (size_t)(COUNT) *
  130.                                                     sizeof( double ) ) );
  131.          
  132.             if( !( buffer ) )
  133.  +          { HPL_pabort( __LINE__, "HPL_reduce", "Memory allocation failed" ); }
  134.          
  135.             if( ( mydist = MModSub( rank, ROOT, size ) ) == 0 )
  136.             {
  137.  + 1---<       do
  138.    1           {
  139.    1              mpierr = MPI_Recv( buffer, COUNT, HPL_2_MPI_TYPE( DTYPE ),
  140.    1                                 MModAdd( ROOT, ip2, size ), tag, COMM,
  141.    1                                 &status );
  142.    1              if( mpierr != MPI_SUCCESS ) hplerr = mpierr;
  143.  + 1              OP( COUNT, buffer, BUFFER, DTYPE );
  144.    1              ip2 <<= 1; d--;
  145.    1--->       } while( d );
  146.             }
  147.             else
  148.             {
  149.  + 1---<       do
  150.    1           {
  151.    1              if( ( mydist & mask ) == 0 )
  152.    1              {
  153.    1                 partner = mydist ^ ip2;
  154.    1     
  155.    1                 if( mydist & ip2 )
  156.    1                 {
  157.    1                    partner = MModAdd( ROOT, partner, size );
  158.    1                    mpierr = MPI_Send( BUFFER, COUNT, HPL_2_MPI_TYPE( DTYPE ),
  159.    1                                       partner, tag, COMM );
  160.    1                 }
  161.    1                 else if( partner < size )
  162.    1                 {
  163.    1                    partner = MModAdd( ROOT, partner, size );
  164.    1                    mpierr  = MPI_Recv( buffer, COUNT, HPL_2_MPI_TYPE( DTYPE ),
  165.    1                                        partner, tag, COMM, &status );
  166.  + 1                    OP( COUNT, buffer, BUFFER, DTYPE );
  167.    1                 }
  168.    1                 if( mpierr != MPI_SUCCESS ) hplerr = mpierr;
  169.    1              }
  170.    1              mask ^= ip2; ip2 <<= 1; d--;
  171.    1--->       } while( d );
  172.             }
  173.             if( buffer ) free( buffer );
  174.          
  175.             return( hplerr );
  176.          /*
  177.           * End of HPL_reduce
  178.           */
  179.          }

CC-3021 CC: IPA File = HPL_reduce.c, Line = 120 
  "MPI_Comm_size" (called from "HPL_reduce") was not inlined because the compiler was unable to locate the routine.

CC-3021 CC: IPA File = HPL_reduce.c, Line = 122 
  "MPI_Comm_rank" (called from "HPL_reduce") was not inlined because the compiler was unable to locate the routine.

CC-6254 CC: VECTOR File = HPL_reduce.c, Line = 123 
  A loop was not vectorized because a recurrence was found on "i" at line 123.

CC-3021 CC: IPA File = HPL_reduce.c, Line = 133 
  "HPL_pabort" (called from "HPL_reduce") was not inlined because the compiler was unable to locate the routine.

CC-6287 CC: VECTOR File = HPL_reduce.c, Line = 137 
  A loop was not vectorized because it contains a call to function "OP" on line 143.

CC-3021 CC: IPA File = HPL_reduce.c, Line = 143 
  "OP" (called from "HPL_reduce") was not inlined because the compiler was unable to locate the routine.

CC-6287 CC: VECTOR File = HPL_reduce.c, Line = 149 
  A loop was not vectorized because it contains a call to function "OP" on line 166.

CC-3021 CC: IPA File = HPL_reduce.c, Line = 166 
  "OP" (called from "HPL_reduce") was not inlined because the compiler was unable to locate the routine.


%%%%%%%%%%%%%%%%%%%%%%%%%%%%%%%%%%%%%%%%%%%%%%%%%%%%%%%%%%%%%%%%%%%%%%%%%%%%%%%%
%%%%%%%%%%%%%%%%%%%%%%%%%%%%%%%%%%%%%%%%%%%%%%%%%%%%%%%%%%%%%%%%%%%%%%%%%%%%%%%%
